2016-07-18 17:46:17,965 - Do unicode file recognition:  false
2016-07-18 17:46:17,965 - FileResourceLoader : adding path '/D:/mygithub/github/project/framework/framework/target/classes/com/wch/generator/mybaits/mybaitsx/vmlib'
2016-07-18 17:46:17,972 - ResourceCache: initialized (class org.apache.velocity.runtime.resource.ResourceCacheImpl) with class java.util.Collections$SynchronizedMap cache map.
2016-07-18 17:46:17,973 - Loaded System Directive: org.apache.velocity.runtime.directive.Stop
2016-07-18 17:46:17,974 - Loaded System Directive: org.apache.velocity.runtime.directive.Define
2016-07-18 17:46:17,974 - Loaded System Directive: org.apache.velocity.runtime.directive.Break
2016-07-18 17:46:17,974 - Loaded System Directive: org.apache.velocity.runtime.directive.Evaluate
2016-07-18 17:46:17,975 - Loaded System Directive: org.apache.velocity.runtime.directive.Literal
2016-07-18 17:46:17,975 - Loaded System Directive: org.apache.velocity.runtime.directive.Macro
2016-07-18 17:46:17,976 - Loaded System Directive: org.apache.velocity.runtime.directive.Parse
2016-07-18 17:46:17,977 - Loaded System Directive: org.apache.velocity.runtime.directive.Include
2016-07-18 17:46:17,977 - Loaded System Directive: org.apache.velocity.runtime.directive.Foreach
2016-07-18 17:46:17,995 - Created '20' parsers.
2016-07-18 17:46:17,999 - Velocimacro : "velocimacro.library" is not set.  Trying default library: VM_global_library.vm
2016-07-18 17:46:17,999 - Velocimacro : Default library not found.
2016-07-18 17:46:18,000 - Velocimacro : allowInline = true : VMs can be defined inline in templates
2016-07-18 17:46:18,000 - Velocimacro : allowInlineToOverride = false : VMs defined inline may NOT replace previous VM definitions
2016-07-18 17:46:18,000 - Velocimacro : allowInlineLocal = false : VMs defined inline will be global in scope if allowed.
2016-07-18 17:46:18,000 - Velocimacro : autoload off : VM system will not automatically reload global library macros
2016-07-18 17:46:18,013 - ResourceManager : found mapperxml.vm with loader org.apache.velocity.runtime.resource.loader.FileResourceLoader
2016-07-18 17:46:41,433 - Log4JLogChute initialized using file 'velocity.log'
2016-07-18 17:46:41,433 - Initializing Velocity, Calling init()...
2016-07-18 17:46:41,433 - Starting Apache Velocity v1.7 (compiled: 2010-11-19 12:14:37)
2016-07-18 17:46:41,433 - Default Properties File: org\apache\velocity\runtime\defaults\velocity.properties
2016-07-18 17:46:41,433 - Trying to use logger class org.apache.velocity.runtime.log.AvalonLogChute
2016-07-18 17:46:41,433 - Target log system for org.apache.velocity.runtime.log.AvalonLogChute is not available (java.lang.NoClassDefFoundError: org/apache/log/format/Formatter).  Falling back to next log system...
2016-07-18 17:46:41,433 - Trying to use logger class org.apache.velocity.runtime.log.Log4JLogChute
2016-07-18 17:46:41,433 - Using logger class org.apache.velocity.runtime.log.Log4JLogChute
2016-07-18 17:46:41,435 - ResourceLoader instantiated: org.apache.velocity.runtime.resource.loader.FileResourceLoader
2016-07-18 17:46:41,436 - Do unicode file recognition:  false
2016-07-18 17:46:41,436 - FileResourceLoader : adding path '/D:/mygithub/github/project/framework/framework/target/classes/com/wch/generator/mybaits/mybaitsx/vmlib'
2016-07-18 17:46:41,443 - ResourceCache: initialized (class org.apache.velocity.runtime.resource.ResourceCacheImpl) with class java.util.Collections$SynchronizedMap cache map.
2016-07-18 17:46:41,444 - Loaded System Directive: org.apache.velocity.runtime.directive.Stop
2016-07-18 17:46:41,445 - Loaded System Directive: org.apache.velocity.runtime.directive.Define
2016-07-18 17:46:41,445 - Loaded System Directive: org.apache.velocity.runtime.directive.Break
2016-07-18 17:46:41,445 - Loaded System Directive: org.apache.velocity.runtime.directive.Evaluate
2016-07-18 17:46:41,446 - Loaded System Directive: org.apache.velocity.runtime.directive.Literal
2016-07-18 17:46:41,446 - Loaded System Directive: org.apache.velocity.runtime.directive.Macro
2016-07-18 17:46:41,447 - Loaded System Directive: org.apache.velocity.runtime.directive.Parse
2016-07-18 17:46:41,448 - Loaded System Directive: org.apache.velocity.runtime.directive.Include
2016-07-18 17:46:41,448 - Loaded System Directive: org.apache.velocity.runtime.directive.Foreach
2016-07-18 17:46:41,464 - Created '20' parsers.
2016-07-18 17:46:41,467 - Velocimacro : "velocimacro.library" is not set.  Trying default library: VM_global_library.vm
2016-07-18 17:46:41,467 - Velocimacro : Default library not found.
2016-07-18 17:46:41,467 - Velocimacro : allowInline = true : VMs can be defined inline in templates
2016-07-18 17:46:41,467 - Velocimacro : allowInlineToOverride = false : VMs defined inline may NOT replace previous VM definitions
2016-07-18 17:46:41,467 - Velocimacro : allowInlineLocal = false : VMs defined inline will be global in scope if allowed.
2016-07-18 17:46:41,467 - Velocimacro : autoload off : VM system will not automatically reload global library macros
2016-07-18 17:46:41,477 - ResourceManager : found mapperxml.vm with loader org.apache.velocity.runtime.resource.loader.FileResourceLoader
2016-07-18 18:03:22,827 - Log4JLogChute initialized using file 'velocity.log'
2016-07-18 18:03:22,827 - Initializing Velocity, Calling init()...
2016-07-18 18:03:22,827 - Starting Apache Velocity v1.7 (compiled: 2010-11-19 12:14:37)
2016-07-18 18:03:22,827 - Default Properties File: org\apache\velocity\runtime\defaults\velocity.properties
2016-07-18 18:03:22,827 - Trying to use logger class org.apache.velocity.runtime.log.AvalonLogChute
2016-07-18 18:03:22,827 - Target log system for org.apache.velocity.runtime.log.AvalonLogChute is not available (java.lang.NoClassDefFoundError: org/apache/log/format/Formatter).  Falling back to next log system...
2016-07-18 18:03:22,827 - Trying to use logger class org.apache.velocity.runtime.log.Log4JLogChute
2016-07-18 18:03:22,827 - Using logger class org.apache.velocity.runtime.log.Log4JLogChute
2016-07-18 18:03:22,829 - ResourceLoader instantiated: org.apache.velocity.runtime.resource.loader.FileResourceLoader
2016-07-18 18:03:22,830 - Do unicode file recognition:  false
2016-07-18 18:03:22,830 - FileResourceLoader : adding path '/D:/mygithub/github/project/framework/framework/target/classes/com/wch/generator/mybaits/mybaitsx/vmlib'
2016-07-18 18:03:22,840 - ResourceCache: initialized (class org.apache.velocity.runtime.resource.ResourceCacheImpl) with class java.util.Collections$SynchronizedMap cache map.
2016-07-18 18:03:22,841 - Loaded System Directive: org.apache.velocity.runtime.directive.Stop
2016-07-18 18:03:22,841 - Loaded System Directive: org.apache.velocity.runtime.directive.Define
2016-07-18 18:03:22,842 - Loaded System Directive: org.apache.velocity.runtime.directive.Break
2016-07-18 18:03:22,842 - Loaded System Directive: org.apache.velocity.runtime.directive.Evaluate
2016-07-18 18:03:22,843 - Loaded System Directive: org.apache.velocity.runtime.directive.Literal
2016-07-18 18:03:22,843 - Loaded System Directive: org.apache.velocity.runtime.directive.Macro
2016-07-18 18:03:22,844 - Loaded System Directive: org.apache.velocity.runtime.directive.Parse
2016-07-18 18:03:22,845 - Loaded System Directive: org.apache.velocity.runtime.directive.Include
2016-07-18 18:03:22,846 - Loaded System Directive: org.apache.velocity.runtime.directive.Foreach
2016-07-18 18:03:22,864 - Created '20' parsers.
2016-07-18 18:03:22,868 - Velocimacro : "velocimacro.library" is not set.  Trying default library: VM_global_library.vm
2016-07-18 18:03:22,868 - Velocimacro : Default library not found.
2016-07-18 18:03:22,868 - Velocimacro : allowInline = true : VMs can be defined inline in templates
2016-07-18 18:03:22,868 - Velocimacro : allowInlineToOverride = false : VMs defined inline may NOT replace previous VM definitions
2016-07-18 18:03:22,868 - Velocimacro : allowInlineLocal = false : VMs defined inline will be global in scope if allowed.
2016-07-18 18:03:22,868 - Velocimacro : autoload off : VM system will not automatically reload global library macros
2016-07-18 18:03:22,879 - ResourceManager : found mapperxml.vm with loader org.apache.velocity.runtime.resource.loader.FileResourceLoader
2016-07-18 18:03:37,156 - Log4JLogChute initialized using file 'velocity.log'
2016-07-18 18:03:37,156 - Initializing Velocity, Calling init()...
2016-07-18 18:03:37,156 - Starting Apache Velocity v1.7 (compiled: 2010-11-19 12:14:37)
2016-07-18 18:03:37,156 - Default Properties File: org\apache\velocity\runtime\defaults\velocity.properties
2016-07-18 18:03:37,156 - Trying to use logger class org.apache.velocity.runtime.log.AvalonLogChute
2016-07-18 18:03:37,156 - Target log system for org.apache.velocity.runtime.log.AvalonLogChute is not available (java.lang.NoClassDefFoundError: org/apache/log/format/Formatter).  Falling back to next log system...
2016-07-18 18:03:37,156 - Trying to use logger class org.apache.velocity.runtime.log.Log4JLogChute
2016-07-18 18:03:37,156 - Using logger class org.apache.velocity.runtime.log.Log4JLogChute
2016-07-18 18:03:37,159 - ResourceLoader instantiated: org.apache.velocity.runtime.resource.loader.FileResourceLoader
2016-07-18 18:03:37,159 - Do unicode file recognition:  false
2016-07-18 18:03:37,159 - FileResourceLoader : adding path '/D:/mygithub/github/project/framework/framework/target/classes/com/wch/generator/mybaits/mybaitsx/vmlib'
2016-07-18 18:03:37,166 - ResourceCache: initialized (class org.apache.velocity.runtime.resource.ResourceCacheImpl) with class java.util.Collections$SynchronizedMap cache map.
2016-07-18 18:03:37,167 - Loaded System Directive: org.apache.velocity.runtime.directive.Stop
2016-07-18 18:03:37,168 - Loaded System Directive: org.apache.velocity.runtime.directive.Define
2016-07-18 18:03:37,168 - Loaded System Directive: org.apache.velocity.runtime.directive.Break
2016-07-18 18:03:37,168 - Loaded System Directive: org.apache.velocity.runtime.directive.Evaluate
2016-07-18 18:03:37,169 - Loaded System Directive: org.apache.velocity.runtime.directive.Literal
2016-07-18 18:03:37,169 - Loaded System Directive: org.apache.velocity.runtime.directive.Macro
2016-07-18 18:03:37,170 - Loaded System Directive: org.apache.velocity.runtime.directive.Parse
2016-07-18 18:03:37,171 - Loaded System Directive: org.apache.velocity.runtime.directive.Include
2016-07-18 18:03:37,172 - Loaded System Directive: org.apache.velocity.runtime.directive.Foreach
2016-07-18 18:03:37,188 - Created '20' parsers.
2016-07-18 18:03:37,191 - Velocimacro : "velocimacro.library" is not set.  Trying default library: VM_global_library.vm
2016-07-18 18:03:37,191 - Velocimacro : Default library not found.
2016-07-18 18:03:37,191 - Velocimacro : allowInline = true : VMs can be defined inline in templates
2016-07-18 18:03:37,191 - Velocimacro : allowInlineToOverride = false : VMs defined inline may NOT replace previous VM definitions
2016-07-18 18:03:37,191 - Velocimacro : allowInlineLocal = false : VMs defined inline will be global in scope if allowed.
2016-07-18 18:03:37,191 - Velocimacro : autoload off : VM system will not automatically reload global library macros
2016-07-18 18:03:37,203 - ResourceManager : found mapperxml.vm with loader org.apache.velocity.runtime.resource.loader.FileResourceLoader
2016-07-18 18:17:00,471 - Log4JLogChute initialized using file 'velocity.log'
2016-07-18 18:17:00,472 - Initializing Velocity, Calling init()...
2016-07-18 18:17:00,472 - Starting Apache Velocity v1.7 (compiled: 2010-11-19 12:14:37)
2016-07-18 18:17:00,472 - Default Properties File: org\apache\velocity\runtime\defaults\velocity.properties
2016-07-18 18:17:00,472 - Trying to use logger class org.apache.velocity.runtime.log.AvalonLogChute
2016-07-18 18:17:00,472 - Target log system for org.apache.velocity.runtime.log.AvalonLogChute is not available (java.lang.NoClassDefFoundError: org/apache/log/format/Formatter).  Falling back to next log system...
2016-07-18 18:17:00,472 - Trying to use logger class org.apache.velocity.runtime.log.Log4JLogChute
2016-07-18 18:17:00,472 - Using logger class org.apache.velocity.runtime.log.Log4JLogChute
2016-07-18 18:17:00,475 - ResourceLoader instantiated: org.apache.velocity.runtime.resource.loader.FileResourceLoader
2016-07-18 18:17:00,475 - Do unicode file recognition:  false
2016-07-18 18:17:00,475 - FileResourceLoader : adding path '/D:/mygithub/github/project/framework/framework/target/classes/com/wch/generator/mybaits/mybaitsx/vmlib'
2016-07-18 18:17:00,485 - ResourceCache: initialized (class org.apache.velocity.runtime.resource.ResourceCacheImpl) with class java.util.Collections$SynchronizedMap cache map.
2016-07-18 18:17:00,486 - Loaded System Directive: org.apache.velocity.runtime.directive.Stop
2016-07-18 18:17:00,487 - Loaded System Directive: org.apache.velocity.runtime.directive.Define
2016-07-18 18:17:00,487 - Loaded System Directive: org.apache.velocity.runtime.directive.Break
2016-07-18 18:17:00,488 - Loaded System Directive: org.apache.velocity.runtime.directive.Evaluate
2016-07-18 18:17:00,488 - Loaded System Directive: org.apache.velocity.runtime.directive.Literal
2016-07-18 18:17:00,489 - Loaded System Directive: org.apache.velocity.runtime.directive.Macro
2016-07-18 18:17:00,490 - Loaded System Directive: org.apache.velocity.runtime.directive.Parse
2016-07-18 18:17:00,490 - Loaded System Directive: org.apache.velocity.runtime.directive.Include
2016-07-18 18:17:00,491 - Loaded System Directive: org.apache.velocity.runtime.directive.Foreach
2016-07-18 18:17:00,509 - Created '20' parsers.
2016-07-18 18:17:00,512 - Velocimacro : "velocimacro.library" is not set.  Trying default library: VM_global_library.vm
2016-07-18 18:17:00,512 - Velocimacro : Default library not found.
2016-07-18 18:17:00,512 - Velocimacro : allowInline = true : VMs can be defined inline in templates
2016-07-18 18:17:00,512 - Velocimacro : allowInlineToOverride = false : VMs defined inline may NOT replace previous VM definitions
2016-07-18 18:17:00,512 - Velocimacro : allowInlineLocal = false : VMs defined inline will be global in scope if allowed.
2016-07-18 18:17:00,512 - Velocimacro : autoload off : VM system will not automatically reload global library macros
2016-07-18 18:17:00,529 - ResourceManager : found mapperxml.vm with loader org.apache.velocity.runtime.resource.loader.FileResourceLoader
2016-07-18 18:21:08,718 - Log4JLogChute initialized using file 'velocity.log'
2016-07-18 18:21:08,718 - Initializing Velocity, Calling init()...
2016-07-18 18:21:08,718 - Starting Apache Velocity v1.7 (compiled: 2010-11-19 12:14:37)
2016-07-18 18:21:08,718 - Default Properties File: org\apache\velocity\runtime\defaults\velocity.properties
2016-07-18 18:21:08,718 - Trying to use logger class org.apache.velocity.runtime.log.AvalonLogChute
2016-07-18 18:21:08,718 - Target log system for org.apache.velocity.runtime.log.AvalonLogChute is not available (java.lang.NoClassDefFoundError: org/apache/log/format/Formatter).  Falling back to next log system...
2016-07-18 18:21:08,718 - Trying to use logger class org.apache.velocity.runtime.log.Log4JLogChute
2016-07-18 18:21:08,718 - Using logger class org.apache.velocity.runtime.log.Log4JLogChute
2016-07-18 18:21:08,721 - ResourceLoader instantiated: org.apache.velocity.runtime.resource.loader.FileResourceLoader
2016-07-18 18:21:08,722 - Do unicode file recognition:  false
2016-07-18 18:21:08,722 - FileResourceLoader : adding path '/D:/mygithub/github/project/framework/framework/target/classes/com/wch/generator/mybaits/mybaitsx/vmlib'
2016-07-18 18:21:08,732 - ResourceCache: initialized (class org.apache.velocity.runtime.resource.ResourceCacheImpl) with class java.util.Collections$SynchronizedMap cache map.
2016-07-18 18:21:08,733 - Loaded System Directive: org.apache.velocity.runtime.directive.Stop
2016-07-18 18:21:08,734 - Loaded System Directive: org.apache.velocity.runtime.directive.Define
2016-07-18 18:21:08,734 - Loaded System Directive: org.apache.velocity.runtime.directive.Break
2016-07-18 18:21:08,735 - Loaded System Directive: org.apache.velocity.runtime.directive.Evaluate
2016-07-18 18:21:08,735 - Loaded System Directive: org.apache.velocity.runtime.directive.Literal
2016-07-18 18:21:08,736 - Loaded System Directive: org.apache.velocity.runtime.directive.Macro
2016-07-18 18:21:08,737 - Loaded System Directive: org.apache.velocity.runtime.directive.Parse
2016-07-18 18:21:08,738 - Loaded System Directive: org.apache.velocity.runtime.directive.Include
2016-07-18 18:21:08,739 - Loaded System Directive: org.apache.velocity.runtime.directive.Foreach
2016-07-18 18:21:08,757 - Created '20' parsers.
2016-07-18 18:21:08,760 - Velocimacro : "velocimacro.library" is not set.  Trying default library: VM_global_library.vm
2016-07-18 18:21:08,760 - Velocimacro : Default library not found.
2016-07-18 18:21:08,760 - Velocimacro : allowInline = true : VMs can be defined inline in templates
2016-07-18 18:21:08,760 - Velocimacro : allowInlineToOverride = false : VMs defined inline may NOT replace previous VM definitions
2016-07-18 18:21:08,760 - Velocimacro : allowInlineLocal = false : VMs defined inline will be global in scope if allowed.
2016-07-18 18:21:08,760 - Velocimacro : autoload off : VM system will not automatically reload global library macros
2016-07-18 18:21:08,775 - ResourceManager : found mapperxml.vm with loader org.apache.velocity.runtime.resource.loader.FileResourceLoader
2016-07-18 18:21:25,062 - Log4JLogChute initialized using file 'velocity.log'
2016-07-18 18:21:25,062 - Initializing Velocity, Calling init()...
2016-07-18 18:21:25,062 - Starting Apache Velocity v1.7 (compiled: 2010-11-19 12:14:37)
2016-07-18 18:21:25,062 - Default Properties File: org\apache\velocity\runtime\defaults\velocity.properties
2016-07-18 18:21:25,062 - Trying to use logger class org.apache.velocity.runtime.log.AvalonLogChute
2016-07-18 18:21:25,062 - Target log system for org.apache.velocity.runtime.log.AvalonLogChute is not available (java.lang.NoClassDefFoundError: org/apache/log/format/Formatter).  Falling back to next log system...
2016-07-18 18:21:25,062 - Trying to use logger class org.apache.velocity.runtime.log.Log4JLogChute
2016-07-18 18:21:25,062 - Using logger class org.apache.velocity.runtime.log.Log4JLogChute
2016-07-18 18:21:25,066 - ResourceLoader instantiated: org.apache.velocity.runtime.resource.loader.FileResourceLoader
2016-07-18 18:21:25,066 - Do unicode file recognition:  false
2016-07-18 18:21:25,066 - FileResourceLoader : adding path '/D:/mygithub/github/project/framework/framework/target/classes/com/wch/generator/mybaits/mybaitsx/vmlib'
2016-07-18 18:21:25,076 - ResourceCache: initialized (class org.apache.velocity.runtime.resource.ResourceCacheImpl) with class java.util.Collections$SynchronizedMap cache map.
2016-07-18 18:21:25,077 - Loaded System Directive: org.apache.velocity.runtime.directive.Stop
2016-07-18 18:21:25,077 - Loaded System Directive: org.apache.velocity.runtime.directive.Define
2016-07-18 18:21:25,078 - Loaded System Directive: org.apache.velocity.runtime.directive.Break
2016-07-18 18:21:25,078 - Loaded System Directive: org.apache.velocity.runtime.directive.Evaluate
2016-07-18 18:21:25,079 - Loaded System Directive: org.apache.velocity.runtime.directive.Literal
2016-07-18 18:21:25,079 - Loaded System Directive: org.apache.velocity.runtime.directive.Macro
2016-07-18 18:21:25,080 - Loaded System Directive: org.apache.velocity.runtime.directive.Parse
2016-07-18 18:21:25,080 - Loaded System Directive: org.apache.velocity.runtime.directive.Include
2016-07-18 18:21:25,081 - Loaded System Directive: org.apache.velocity.runtime.directive.Foreach
2016-07-18 18:21:25,097 - Created '20' parsers.
2016-07-18 18:21:25,102 - Velocimacro : "velocimacro.library" is not set.  Trying default library: VM_global_library.vm
2016-07-18 18:21:25,102 - Velocimacro : Default library not found.
2016-07-18 18:21:25,103 - Velocimacro : allowInline = true : VMs can be defined inline in templates
2016-07-18 18:21:25,103 - Velocimacro : allowInlineToOverride = false : VMs defined inline may NOT replace previous VM definitions
2016-07-18 18:21:25,103 - Velocimacro : allowInlineLocal = false : VMs defined inline will be global in scope if allowed.
2016-07-18 18:21:25,103 - Velocimacro : autoload off : VM system will not automatically reload global library macros
2016-07-18 18:21:25,116 - ResourceManager : found mapperxml.vm with loader org.apache.velocity.runtime.resource.loader.FileResourceLoader
2016-07-18 18:21:40,325 - Log4JLogChute initialized using file 'velocity.log'
2016-07-18 18:21:40,325 - Initializing Velocity, Calling init()...
2016-07-18 18:21:40,325 - Starting Apache Velocity v1.7 (compiled: 2010-11-19 12:14:37)
2016-07-18 18:21:40,325 - Default Properties File: org\apache\velocity\runtime\defaults\velocity.properties
2016-07-18 18:21:40,325 - Trying to use logger class org.apache.velocity.runtime.log.AvalonLogChute
2016-07-18 18:21:40,325 - Target log system for org.apache.velocity.runtime.log.AvalonLogChute is not available (java.lang.NoClassDefFoundError: org/apache/log/format/Formatter).  Falling back to next log system...
2016-07-18 18:21:40,325 - Trying to use logger class org.apache.velocity.runtime.log.Log4JLogChute
2016-07-18 18:21:40,325 - Using logger class org.apache.velocity.runtime.log.Log4JLogChute
2016-07-18 18:21:40,328 - ResourceLoader instantiated: org.apache.velocity.runtime.resource.loader.FileResourceLoader
2016-07-18 18:21:40,329 - Do unicode file recognition:  false
2016-07-18 18:21:40,329 - FileResourceLoader : adding path '/D:/mygithub/github/project/framework/framework/target/classes/com/wch/generator/mybaits/mybaitsx/vmlib'
2016-07-18 18:21:40,340 - ResourceCache: initialized (class org.apache.velocity.runtime.resource.ResourceCacheImpl) with class java.util.Collections$SynchronizedMap cache map.
2016-07-18 18:21:40,341 - Loaded System Directive: org.apache.velocity.runtime.directive.Stop
2016-07-18 18:21:40,341 - Loaded System Directive: org.apache.velocity.runtime.directive.Define
2016-07-18 18:21:40,342 - Loaded System Directive: org.apache.velocity.runtime.directive.Break
2016-07-18 18:21:40,342 - Loaded System Directive: org.apache.velocity.runtime.directive.Evaluate
2016-07-18 18:21:40,343 - Loaded System Directive: org.apache.velocity.runtime.directive.Literal
2016-07-18 18:21:40,343 - Loaded System Directive: org.apache.velocity.runtime.directive.Macro
2016-07-18 18:21:40,344 - Loaded System Directive: org.apache.velocity.runtime.directive.Parse
2016-07-18 18:21:40,344 - Loaded System Directive: org.apache.velocity.runtime.directive.Include
2016-07-18 18:21:40,345 - Loaded System Directive: org.apache.velocity.runtime.directive.Foreach
2016-07-18 18:21:40,363 - Created '20' parsers.
2016-07-18 18:21:40,366 - Velocimacro : "velocimacro.library" is not set.  Trying default library: VM_global_library.vm
2016-07-18 18:21:40,366 - Velocimacro : Default library not found.
2016-07-18 18:21:40,366 - Velocimacro : allowInline = true : VMs can be defined inline in templates
2016-07-18 18:21:40,366 - Velocimacro : allowInlineToOverride = false : VMs defined inline may NOT replace previous VM definitions
2016-07-18 18:21:40,366 - Velocimacro : allowInlineLocal = false : VMs defined inline will be global in scope if allowed.
2016-07-18 18:21:40,366 - Velocimacro : autoload off : VM system will not automatically reload global library macros
2016-07-18 18:21:40,378 - ResourceManager : found mapperxml.vm with loader org.apache.velocity.runtime.resource.loader.FileResourceLoader
2016-07-18 18:21:40,393 - Null reference [template 'mapperxml.vm', line 24, column 26] : ${c.actualColumnName} cannot be resolved.
2016-07-18 18:23:38,525 - Log4JLogChute initialized using file 'velocity.log'
2016-07-18 18:23:38,525 - Initializing Velocity, Calling init()...
2016-07-18 18:23:38,526 - Starting Apache Velocity v1.7 (compiled: 2010-11-19 12:14:37)
2016-07-18 18:23:38,526 - Default Properties File: org\apache\velocity\runtime\defaults\velocity.properties
2016-07-18 18:23:38,526 - Trying to use logger class org.apache.velocity.runtime.log.AvalonLogChute
2016-07-18 18:23:38,526 - Target log system for org.apache.velocity.runtime.log.AvalonLogChute is not available (java.lang.NoClassDefFoundError: org/apache/log/format/Formatter).  Falling back to next log system...
2016-07-18 18:23:38,526 - Trying to use logger class org.apache.velocity.runtime.log.Log4JLogChute
2016-07-18 18:23:38,526 - Using logger class org.apache.velocity.runtime.log.Log4JLogChute
2016-07-18 18:23:38,528 - ResourceLoader instantiated: org.apache.velocity.runtime.resource.loader.FileResourceLoader
2016-07-18 18:23:38,528 - Do unicode file recognition:  false
2016-07-18 18:23:38,528 - FileResourceLoader : adding path '/D:/mygithub/github/project/framework/framework/target/classes/com/wch/generator/mybaits/mybaitsx/vmlib'
2016-07-18 18:23:38,535 - ResourceCache: initialized (class org.apache.velocity.runtime.resource.ResourceCacheImpl) with class java.util.Collections$SynchronizedMap cache map.
2016-07-18 18:23:38,536 - Loaded System Directive: org.apache.velocity.runtime.directive.Stop
2016-07-18 18:23:38,537 - Loaded System Directive: org.apache.velocity.runtime.directive.Define
2016-07-18 18:23:38,537 - Loaded System Directive: org.apache.velocity.runtime.directive.Break
2016-07-18 18:23:38,538 - Loaded System Directive: org.apache.velocity.runtime.directive.Evaluate
2016-07-18 18:23:38,538 - Loaded System Directive: org.apache.velocity.runtime.directive.Literal
2016-07-18 18:23:38,539 - Loaded System Directive: org.apache.velocity.runtime.directive.Macro
2016-07-18 18:23:38,540 - Loaded System Directive: org.apache.velocity.runtime.directive.Parse
2016-07-18 18:23:38,540 - Loaded System Directive: org.apache.velocity.runtime.directive.Include
2016-07-18 18:23:38,541 - Loaded System Directive: org.apache.velocity.runtime.directive.Foreach
2016-07-18 18:23:38,558 - Created '20' parsers.
2016-07-18 18:23:38,561 - Velocimacro : "velocimacro.library" is not set.  Trying default library: VM_global_library.vm
2016-07-18 18:23:38,562 - Velocimacro : Default library not found.
2016-07-18 18:23:38,562 - Velocimacro : allowInline = true : VMs can be defined inline in templates
2016-07-18 18:23:38,562 - Velocimacro : allowInlineToOverride = false : VMs defined inline may NOT replace previous VM definitions
2016-07-18 18:23:38,562 - Velocimacro : allowInlineLocal = false : VMs defined inline will be global in scope if allowed.
2016-07-18 18:23:38,562 - Velocimacro : autoload off : VM system will not automatically reload global library macros
2016-07-18 18:23:38,576 - ResourceManager : found mapperxml.vm with loader org.apache.velocity.runtime.resource.loader.FileResourceLoader
2016-07-18 18:24:34,789 - Log4JLogChute initialized using file 'velocity.log'
2016-07-18 18:24:34,789 - Initializing Velocity, Calling init()...
2016-07-18 18:24:34,789 - Starting Apache Velocity v1.7 (compiled: 2010-11-19 12:14:37)
2016-07-18 18:24:34,789 - Default Properties File: org\apache\velocity\runtime\defaults\velocity.properties
2016-07-18 18:24:34,789 - Trying to use logger class org.apache.velocity.runtime.log.AvalonLogChute
2016-07-18 18:24:34,789 - Target log system for org.apache.velocity.runtime.log.AvalonLogChute is not available (java.lang.NoClassDefFoundError: org/apache/log/format/Formatter).  Falling back to next log system...
2016-07-18 18:24:34,789 - Trying to use logger class org.apache.velocity.runtime.log.Log4JLogChute
2016-07-18 18:24:34,790 - Using logger class org.apache.velocity.runtime.log.Log4JLogChute
2016-07-18 18:24:34,792 - ResourceLoader instantiated: org.apache.velocity.runtime.resource.loader.FileResourceLoader
2016-07-18 18:24:34,792 - Do unicode file recognition:  false
2016-07-18 18:24:34,792 - FileResourceLoader : adding path '/D:/mygithub/github/project/framework/framework/target/classes/com/wch/generator/mybaits/mybaitsx/vmlib'
2016-07-18 18:24:34,799 - ResourceCache: initialized (class org.apache.velocity.runtime.resource.ResourceCacheImpl) with class java.util.Collections$SynchronizedMap cache map.
2016-07-18 18:24:34,800 - Loaded System Directive: org.apache.velocity.runtime.directive.Stop
2016-07-18 18:24:34,801 - Loaded System Directive: org.apache.velocity.runtime.directive.Define
2016-07-18 18:24:34,801 - Loaded System Directive: org.apache.velocity.runtime.directive.Break
2016-07-18 18:24:34,801 - Loaded System Directive: org.apache.velocity.runtime.directive.Evaluate
2016-07-18 18:24:34,802 - Loaded System Directive: org.apache.velocity.runtime.directive.Literal
2016-07-18 18:24:34,802 - Loaded System Directive: org.apache.velocity.runtime.directive.Macro
2016-07-18 18:24:34,803 - Loaded System Directive: org.apache.velocity.runtime.directive.Parse
2016-07-18 18:24:34,804 - Loaded System Directive: org.apache.velocity.runtime.directive.Include
2016-07-18 18:24:34,804 - Loaded System Directive: org.apache.velocity.runtime.directive.Foreach
2016-07-18 18:24:34,825 - Created '20' parsers.
2016-07-18 18:24:34,829 - Velocimacro : "velocimacro.library" is not set.  Trying default library: VM_global_library.vm
2016-07-18 18:24:34,829 - Velocimacro : Default library not found.
2016-07-18 18:24:34,829 - Velocimacro : allowInline = true : VMs can be defined inline in templates
2016-07-18 18:24:34,829 - Velocimacro : allowInlineToOverride = false : VMs defined inline may NOT replace previous VM definitions
2016-07-18 18:24:34,829 - Velocimacro : allowInlineLocal = false : VMs defined inline will be global in scope if allowed.
2016-07-18 18:24:34,829 - Velocimacro : autoload off : VM system will not automatically reload global library macros
2016-07-18 18:24:34,845 - ResourceManager : found mapperxml.vm with loader org.apache.velocity.runtime.resource.loader.FileResourceLoader
2016-07-18 18:24:42,854 - Log4JLogChute initialized using file 'velocity.log'
2016-07-18 18:24:42,854 - Initializing Velocity, Calling init()...
2016-07-18 18:24:42,854 - Starting Apache Velocity v1.7 (compiled: 2010-11-19 12:14:37)
2016-07-18 18:24:42,854 - Default Properties File: org\apache\velocity\runtime\defaults\velocity.properties
2016-07-18 18:24:42,854 - Trying to use logger class org.apache.velocity.runtime.log.AvalonLogChute
2016-07-18 18:24:42,854 - Target log system for org.apache.velocity.runtime.log.AvalonLogChute is not available (java.lang.NoClassDefFoundError: org/apache/log/format/Formatter).  Falling back to next log system...
2016-07-18 18:24:42,854 - Trying to use logger class org.apache.velocity.runtime.log.Log4JLogChute
2016-07-18 18:24:42,854 - Using logger class org.apache.velocity.runtime.log.Log4JLogChute
2016-07-18 18:24:42,857 - ResourceLoader instantiated: org.apache.velocity.runtime.resource.loader.FileResourceLoader
2016-07-18 18:24:42,857 - Do unicode file recognition:  false
2016-07-18 18:24:42,857 - FileResourceLoader : adding path '/D:/mygithub/github/project/framework/framework/target/classes/com/wch/generator/mybaits/mybaitsx/vmlib'
2016-07-18 18:24:42,865 - ResourceCache: initialized (class org.apache.velocity.runtime.resource.ResourceCacheImpl) with class java.util.Collections$SynchronizedMap cache map.
2016-07-18 18:24:42,867 - Loaded System Directive: org.apache.velocity.runtime.directive.Stop
2016-07-18 18:24:42,867 - Loaded System Directive: org.apache.velocity.runtime.directive.Define
2016-07-18 18:24:42,868 - Loaded System Directive: org.apache.velocity.runtime.directive.Break
2016-07-18 18:24:42,868 - Loaded System Directive: org.apache.velocity.runtime.directive.Evaluate
2016-07-18 18:24:42,869 - Loaded System Directive: org.apache.velocity.runtime.directive.Literal
2016-07-18 18:24:42,870 - Loaded System Directive: org.apache.velocity.runtime.directive.Macro
2016-07-18 18:24:42,871 - Loaded System Directive: org.apache.velocity.runtime.directive.Parse
2016-07-18 18:24:42,872 - Loaded System Directive: org.apache.velocity.runtime.directive.Include
2016-07-18 18:24:42,873 - Loaded System Directive: org.apache.velocity.runtime.directive.Foreach
2016-07-18 18:24:42,891 - Created '20' parsers.
2016-07-18 18:24:42,894 - Velocimacro : "velocimacro.library" is not set.  Trying default library: VM_global_library.vm
2016-07-18 18:24:42,894 - Velocimacro : Default library not found.
2016-07-18 18:24:42,894 - Velocimacro : allowInline = true : VMs can be defined inline in templates
2016-07-18 18:24:42,894 - Velocimacro : allowInlineToOverride = false : VMs defined inline may NOT replace previous VM definitions
2016-07-18 18:24:42,894 - Velocimacro : allowInlineLocal = false : VMs defined inline will be global in scope if allowed.
2016-07-18 18:24:42,894 - Velocimacro : autoload off : VM system will not automatically reload global library macros
2016-07-18 18:24:42,910 - ResourceManager : found mapperxml.vm with loader org.apache.velocity.runtime.resource.loader.FileResourceLoader
2016-07-18 18:25:32,687 - Log4JLogChute initialized using file 'velocity.log'
2016-07-18 18:25:32,687 - Initializing Velocity, Calling init()...
2016-07-18 18:25:32,687 - Starting Apache Velocity v1.7 (compiled: 2010-11-19 12:14:37)
2016-07-18 18:25:32,687 - Default Properties File: org\apache\velocity\runtime\defaults\velocity.properties
2016-07-18 18:25:32,687 - Trying to use logger class org.apache.velocity.runtime.log.AvalonLogChute
2016-07-18 18:25:32,687 - Target log system for org.apache.velocity.runtime.log.AvalonLogChute is not available (java.lang.NoClassDefFoundError: org/apache/log/format/Formatter).  Falling back to next log system...
2016-07-18 18:25:32,687 - Trying to use logger class org.apache.velocity.runtime.log.Log4JLogChute
2016-07-18 18:25:32,687 - Using logger class org.apache.velocity.runtime.log.Log4JLogChute
2016-07-18 18:25:32,689 - ResourceLoader instantiated: org.apache.velocity.runtime.resource.loader.FileResourceLoader
2016-07-18 18:25:32,690 - Do unicode file recognition:  false
2016-07-18 18:25:32,690 - FileResourceLoader : adding path '/D:/mygithub/github/project/framework/framework/target/classes/com/wch/generator/mybaits/mybaitsx/vmlib'
2016-07-18 18:25:32,698 - ResourceCache: initialized (class org.apache.velocity.runtime.resource.ResourceCacheImpl) with class java.util.Collections$SynchronizedMap cache map.
2016-07-18 18:25:32,699 - Loaded System Directive: org.apache.velocity.runtime.directive.Stop
2016-07-18 18:25:32,699 - Loaded System Directive: org.apache.velocity.runtime.directive.Define
2016-07-18 18:25:32,700 - Loaded System Directive: org.apache.velocity.runtime.directive.Break
2016-07-18 18:25:32,700 - Loaded System Directive: org.apache.velocity.runtime.directive.Evaluate
2016-07-18 18:25:32,700 - Loaded System Directive: org.apache.velocity.runtime.directive.Literal
2016-07-18 18:25:32,701 - Loaded System Directive: org.apache.velocity.runtime.directive.Macro
2016-07-18 18:25:32,702 - Loaded System Directive: org.apache.velocity.runtime.directive.Parse
2016-07-18 18:25:32,702 - Loaded System Directive: org.apache.velocity.runtime.directive.Include
2016-07-18 18:25:32,703 - Loaded System Directive: org.apache.velocity.runtime.directive.Foreach
2016-07-18 18:25:32,726 - Created '20' parsers.
2016-07-18 18:25:32,729 - Velocimacro : "velocimacro.library" is not set.  Trying default library: VM_global_library.vm
2016-07-18 18:25:32,729 - Velocimacro : Default library not found.
2016-07-18 18:25:32,729 - Velocimacro : allowInline = true : VMs can be defined inline in templates
2016-07-18 18:25:32,729 - Velocimacro : allowInlineToOverride = false : VMs defined inline may NOT replace previous VM definitions
2016-07-18 18:25:32,729 - Velocimacro : allowInlineLocal = false : VMs defined inline will be global in scope if allowed.
2016-07-18 18:25:32,729 - Velocimacro : autoload off : VM system will not automatically reload global library macros
2016-07-18 18:25:32,743 - ResourceManager : found mapperxml.vm with loader org.apache.velocity.runtime.resource.loader.FileResourceLoader
2016-07-18 18:25:32,756 - RHS of #set statement is null. Context will not be modified. mapperxml.vm[line 18, column 8]
2016-07-18 18:25:32,757 - Left side of math operation ($c) has a null value. mapperxml.vm[line 19, column 32]
2016-07-18 18:25:32,757 - RHS of #set statement is null. Context will not be modified. mapperxml.vm[line 19, column 8]
2016-07-18 18:25:32,757 - Left side of math operation ($c) has a null value. mapperxml.vm[line 20, column 32]
2016-07-18 18:25:32,757 - RHS of #set statement is null. Context will not be modified. mapperxml.vm[line 20, column 8]
2016-07-18 18:25:32,757 - Null reference [template 'mapperxml.vm', line 22, column 26] : ${allColumns[$c0].actualColumnName} cannot be resolved.
2016-07-18 18:25:32,757 - Null reference [template 'mapperxml.vm', line 22, column 63] : ${allColumns[$c1].actualColumnName} cannot be resolved.
2016-07-18 18:25:32,758 - Null reference [template 'mapperxml.vm', line 22, column 101] : ${allColumns[$c2].actualColumnName} cannot be resolved.
2016-07-18 18:25:32,758 - Left side of math operation ($!c) has a null value. mapperxml.vm[line 25, column 33]
2016-07-18 18:25:32,758 - RHS of #set statement is null. Context will not be modified. mapperxml.vm[line 25, column 18]
2016-07-18 18:25:32,758 - RHS of #set statement is null. Context will not be modified. mapperxml.vm[line 18, column 8]
2016-07-18 18:25:32,758 - Left side of math operation ($c) has a null value. mapperxml.vm[line 19, column 32]
2016-07-18 18:25:32,758 - RHS of #set statement is null. Context will not be modified. mapperxml.vm[line 19, column 8]
2016-07-18 18:25:32,758 - Left side of math operation ($c) has a null value. mapperxml.vm[line 20, column 32]
2016-07-18 18:25:32,758 - RHS of #set statement is null. Context will not be modified. mapperxml.vm[line 20, column 8]
2016-07-18 18:25:32,758 - Null reference [template 'mapperxml.vm', line 22, column 26] : ${allColumns[$c0].actualColumnName} cannot be resolved.
2016-07-18 18:25:32,758 - Null reference [template 'mapperxml.vm', line 22, column 63] : ${allColumns[$c1].actualColumnName} cannot be resolved.
2016-07-18 18:25:32,758 - Null reference [template 'mapperxml.vm', line 22, column 101] : ${allColumns[$c2].actualColumnName} cannot be resolved.
2016-07-18 18:25:32,758 - Left side of math operation ($!c) has a null value. mapperxml.vm[line 25, column 33]
2016-07-18 18:25:32,758 - RHS of #set statement is null. Context will not be modified. mapperxml.vm[line 25, column 18]
2016-07-18 18:25:32,758 - RHS of #set statement is null. Context will not be modified. mapperxml.vm[line 18, column 8]
2016-07-18 18:25:32,758 - Left side of math operation ($c) has a null value. mapperxml.vm[line 19, column 32]
2016-07-18 18:25:32,758 - RHS of #set statement is null. Context will not be modified. mapperxml.vm[line 19, column 8]
2016-07-18 18:25:32,758 - Left side of math operation ($c) has a null value. mapperxml.vm[line 20, column 32]
2016-07-18 18:25:32,758 - RHS of #set statement is null. Context will not be modified. mapperxml.vm[line 20, column 8]
2016-07-18 18:25:32,758 - Null reference [template 'mapperxml.vm', line 22, column 26] : ${allColumns[$c0].actualColumnName} cannot be resolved.
2016-07-18 18:25:32,758 - Null reference [template 'mapperxml.vm', line 22, column 63] : ${allColumns[$c1].actualColumnName} cannot be resolved.
2016-07-18 18:25:32,758 - Null reference [template 'mapperxml.vm', line 22, column 101] : ${allColumns[$c2].actualColumnName} cannot be resolved.
2016-07-18 18:25:32,758 - Left side of math operation ($!c) has a null value. mapperxml.vm[line 25, column 33]
2016-07-18 18:25:32,758 - RHS of #set statement is null. Context will not be modified. mapperxml.vm[line 25, column 18]
2016-07-18 18:25:32,758 - RHS of #set statement is null. Context will not be modified. mapperxml.vm[line 18, column 8]
2016-07-18 18:25:32,758 - Left side of math operation ($c) has a null value. mapperxml.vm[line 19, column 32]
2016-07-18 18:25:32,758 - RHS of #set statement is null. Context will not be modified. mapperxml.vm[line 19, column 8]
2016-07-18 18:25:32,758 - Left side of math operation ($c) has a null value. mapperxml.vm[line 20, column 32]
2016-07-18 18:25:32,759 - RHS of #set statement is null. Context will not be modified. mapperxml.vm[line 20, column 8]
2016-07-18 18:25:32,759 - Null reference [template 'mapperxml.vm', line 22, column 26] : ${allColumns[$c0].actualColumnName} cannot be resolved.
2016-07-18 18:25:32,759 - Null reference [template 'mapperxml.vm', line 22, column 63] : ${allColumns[$c1].actualColumnName} cannot be resolved.
2016-07-18 18:25:32,759 - Null reference [template 'mapperxml.vm', line 22, column 101] : ${allColumns[$c2].actualColumnName} cannot be resolved.
2016-07-18 18:25:32,759 - Left side of math operation ($!c) has a null value. mapperxml.vm[line 25, column 33]
2016-07-18 18:25:32,759 - RHS of #set statement is null. Context will not be modified. mapperxml.vm[line 25, column 18]
2016-07-18 18:25:32,759 - RHS of #set statement is null. Context will not be modified. mapperxml.vm[line 18, column 8]
2016-07-18 18:25:32,759 - Left side of math operation ($c) has a null value. mapperxml.vm[line 19, column 32]
2016-07-18 18:25:32,759 - RHS of #set statement is null. Context will not be modified. mapperxml.vm[line 19, column 8]
2016-07-18 18:25:32,759 - Left side of math operation ($c) has a null value. mapperxml.vm[line 20, column 32]
2016-07-18 18:25:32,759 - RHS of #set statement is null. Context will not be modified. mapperxml.vm[line 20, column 8]
2016-07-18 18:25:32,759 - Null reference [template 'mapperxml.vm', line 22, column 26] : ${allColumns[$c0].actualColumnName} cannot be resolved.
2016-07-18 18:25:32,759 - Null reference [template 'mapperxml.vm', line 22, column 63] : ${allColumns[$c1].actualColumnName} cannot be resolved.
2016-07-18 18:25:32,759 - Null reference [template 'mapperxml.vm', line 22, column 101] : ${allColumns[$c2].actualColumnName} cannot be resolved.
2016-07-18 18:25:32,759 - Left side of math operation ($!c) has a null value. mapperxml.vm[line 25, column 33]
2016-07-18 18:25:32,759 - RHS of #set statement is null. Context will not be modified. mapperxml.vm[line 25, column 18]
2016-07-18 18:25:32,759 - RHS of #set statement is null. Context will not be modified. mapperxml.vm[line 18, column 8]
2016-07-18 18:25:32,759 - Left side of math operation ($c) has a null value. mapperxml.vm[line 19, column 32]
2016-07-18 18:25:32,759 - RHS of #set statement is null. Context will not be modified. mapperxml.vm[line 19, column 8]
2016-07-18 18:25:32,759 - Left side of math operation ($c) has a null value. mapperxml.vm[line 20, column 32]
2016-07-18 18:25:32,759 - RHS of #set statement is null. Context will not be modified. mapperxml.vm[line 20, column 8]
2016-07-18 18:25:32,759 - Null reference [template 'mapperxml.vm', line 22, column 26] : ${allColumns[$c0].actualColumnName} cannot be resolved.
2016-07-18 18:25:32,759 - Null reference [template 'mapperxml.vm', line 22, column 63] : ${allColumns[$c1].actualColumnName} cannot be resolved.
2016-07-18 18:25:32,759 - Null reference [template 'mapperxml.vm', line 22, column 101] : ${allColumns[$c2].actualColumnName} cannot be resolved.
2016-07-18 18:25:32,759 - Left side of math operation ($!c) has a null value. mapperxml.vm[line 25, column 33]
2016-07-18 18:25:32,759 - RHS of #set statement is null. Context will not be modified. mapperxml.vm[line 25, column 18]
2016-07-18 18:25:32,760 - RHS of #set statement is null. Context will not be modified. mapperxml.vm[line 18, column 8]
2016-07-18 18:25:32,760 - Left side of math operation ($c) has a null value. mapperxml.vm[line 19, column 32]
2016-07-18 18:25:32,760 - RHS of #set statement is null. Context will not be modified. mapperxml.vm[line 19, column 8]
2016-07-18 18:25:32,760 - Left side of math operation ($c) has a null value. mapperxml.vm[line 20, column 32]
2016-07-18 18:25:32,760 - RHS of #set statement is null. Context will not be modified. mapperxml.vm[line 20, column 8]
2016-07-18 18:25:32,760 - Left side of math operation ($!c) has a null value. mapperxml.vm[line 25, column 33]
2016-07-18 18:25:32,760 - RHS of #set statement is null. Context will not be modified. mapperxml.vm[line 25, column 18]
2016-07-18 18:27:46,990 - Log4JLogChute initialized using file 'velocity.log'
2016-07-18 18:27:46,991 - Initializing Velocity, Calling init()...
2016-07-18 18:27:46,991 - Starting Apache Velocity v1.7 (compiled: 2010-11-19 12:14:37)
2016-07-18 18:27:46,991 - Default Properties File: org\apache\velocity\runtime\defaults\velocity.properties
2016-07-18 18:27:46,991 - Trying to use logger class org.apache.velocity.runtime.log.AvalonLogChute
2016-07-18 18:27:46,991 - Target log system for org.apache.velocity.runtime.log.AvalonLogChute is not available (java.lang.NoClassDefFoundError: org/apache/log/format/Formatter).  Falling back to next log system...
2016-07-18 18:27:46,991 - Trying to use logger class org.apache.velocity.runtime.log.Log4JLogChute
2016-07-18 18:27:46,991 - Using logger class org.apache.velocity.runtime.log.Log4JLogChute
2016-07-18 18:27:46,993 - ResourceLoader instantiated: org.apache.velocity.runtime.resource.loader.FileResourceLoader
2016-07-18 18:27:46,994 - Do unicode file recognition:  false
2016-07-18 18:27:46,994 - FileResourceLoader : adding path '/D:/mygithub/github/project/framework/framework/target/classes/com/wch/generator/mybaits/mybaitsx/vmlib'
2016-07-18 18:27:47,000 - ResourceCache: initialized (class org.apache.velocity.runtime.resource.ResourceCacheImpl) with class java.util.Collections$SynchronizedMap cache map.
2016-07-18 18:27:47,001 - Loaded System Directive: org.apache.velocity.runtime.directive.Stop
2016-07-18 18:27:47,002 - Loaded System Directive: org.apache.velocity.runtime.directive.Define
2016-07-18 18:27:47,002 - Loaded System Directive: org.apache.velocity.runtime.directive.Break
2016-07-18 18:27:47,003 - Loaded System Directive: org.apache.velocity.runtime.directive.Evaluate
2016-07-18 18:27:47,003 - Loaded System Directive: org.apache.velocity.runtime.directive.Literal
2016-07-18 18:27:47,003 - Loaded System Directive: org.apache.velocity.runtime.directive.Macro
2016-07-18 18:27:47,004 - Loaded System Directive: org.apache.velocity.runtime.directive.Parse
2016-07-18 18:27:47,005 - Loaded System Directive: org.apache.velocity.runtime.directive.Include
2016-07-18 18:27:47,005 - Loaded System Directive: org.apache.velocity.runtime.directive.Foreach
2016-07-18 18:27:47,022 - Created '20' parsers.
2016-07-18 18:27:47,027 - Velocimacro : "velocimacro.library" is not set.  Trying default library: VM_global_library.vm
2016-07-18 18:27:47,028 - Velocimacro : Default library not found.
2016-07-18 18:27:47,028 - Velocimacro : allowInline = true : VMs can be defined inline in templates
2016-07-18 18:27:47,028 - Velocimacro : allowInlineToOverride = false : VMs defined inline may NOT replace previous VM definitions
2016-07-18 18:27:47,028 - Velocimacro : allowInlineLocal = false : VMs defined inline will be global in scope if allowed.
2016-07-18 18:27:47,028 - Velocimacro : autoload off : VM system will not automatically reload global library macros
2016-07-18 18:27:47,042 - ResourceManager : found mapperxml.vm with loader org.apache.velocity.runtime.resource.loader.FileResourceLoader
2016-07-18 18:27:47,056 - RHS of #set statement is null. Context will not be modified. mapperxml.vm[line 18, column 8]
2016-07-18 18:27:47,056 - Left side of math operation ($c) has a null value. mapperxml.vm[line 19, column 32]
2016-07-18 18:27:47,056 - RHS of #set statement is null. Context will not be modified. mapperxml.vm[line 19, column 8]
2016-07-18 18:27:47,056 - Left side of math operation ($c) has a null value. mapperxml.vm[line 20, column 32]
2016-07-18 18:27:47,056 - RHS of #set statement is null. Context will not be modified. mapperxml.vm[line 20, column 8]
2016-07-18 18:27:47,057 - Null reference [template 'mapperxml.vm', line 22, column 26] : ${allColumns[$c0].actualColumnName} cannot be resolved.
2016-07-18 18:27:47,057 - Null reference [template 'mapperxml.vm', line 22, column 63] : ${allColumns[$c1].actualColumnName} cannot be resolved.
2016-07-18 18:27:47,057 - Null reference [template 'mapperxml.vm', line 22, column 101] : ${allColumns[$c2].actualColumnName} cannot be resolved.
2016-07-18 18:28:49,500 - Log4JLogChute initialized using file 'velocity.log'
2016-07-18 18:28:49,500 - Initializing Velocity, Calling init()...
2016-07-18 18:28:49,500 - Starting Apache Velocity v1.7 (compiled: 2010-11-19 12:14:37)
2016-07-18 18:28:49,500 - Default Properties File: org\apache\velocity\runtime\defaults\velocity.properties
2016-07-18 18:28:49,500 - Trying to use logger class org.apache.velocity.runtime.log.AvalonLogChute
2016-07-18 18:28:49,501 - Target log system for org.apache.velocity.runtime.log.AvalonLogChute is not available (java.lang.NoClassDefFoundError: org/apache/log/format/Formatter).  Falling back to next log system...
2016-07-18 18:28:49,501 - Trying to use logger class org.apache.velocity.runtime.log.Log4JLogChute
2016-07-18 18:28:49,501 - Using logger class org.apache.velocity.runtime.log.Log4JLogChute
2016-07-18 18:28:49,503 - ResourceLoader instantiated: org.apache.velocity.runtime.resource.loader.FileResourceLoader
2016-07-18 18:28:49,503 - Do unicode file recognition:  false
2016-07-18 18:28:49,503 - FileResourceLoader : adding path '/D:/mygithub/github/project/framework/framework/target/classes/com/wch/generator/mybaits/mybaitsx/vmlib'
2016-07-18 18:28:49,511 - ResourceCache: initialized (class org.apache.velocity.runtime.resource.ResourceCacheImpl) with class java.util.Collections$SynchronizedMap cache map.
2016-07-18 18:28:49,512 - Loaded System Directive: org.apache.velocity.runtime.directive.Stop
2016-07-18 18:28:49,512 - Loaded System Directive: org.apache.velocity.runtime.directive.Define
2016-07-18 18:28:49,513 - Loaded System Directive: org.apache.velocity.runtime.directive.Break
2016-07-18 18:28:49,513 - Loaded System Directive: org.apache.velocity.runtime.directive.Evaluate
2016-07-18 18:28:49,513 - Loaded System Directive: org.apache.velocity.runtime.directive.Literal
2016-07-18 18:28:49,514 - Loaded System Directive: org.apache.velocity.runtime.directive.Macro
2016-07-18 18:28:49,515 - Loaded System Directive: org.apache.velocity.runtime.directive.Parse
2016-07-18 18:28:49,515 - Loaded System Directive: org.apache.velocity.runtime.directive.Include
2016-07-18 18:28:49,516 - Loaded System Directive: org.apache.velocity.runtime.directive.Foreach
2016-07-18 18:28:49,532 - Created '20' parsers.
2016-07-18 18:28:49,535 - Velocimacro : "velocimacro.library" is not set.  Trying default library: VM_global_library.vm
2016-07-18 18:28:49,535 - Velocimacro : Default library not found.
2016-07-18 18:28:49,535 - Velocimacro : allowInline = true : VMs can be defined inline in templates
2016-07-18 18:28:49,535 - Velocimacro : allowInlineToOverride = false : VMs defined inline may NOT replace previous VM definitions
2016-07-18 18:28:49,535 - Velocimacro : allowInlineLocal = false : VMs defined inline will be global in scope if allowed.
2016-07-18 18:28:49,535 - Velocimacro : autoload off : VM system will not automatically reload global library macros
2016-07-18 18:28:49,551 - ResourceManager : found mapperxml.vm with loader org.apache.velocity.runtime.resource.loader.FileResourceLoader
2016-07-18 18:28:55,096 - Log4JLogChute initialized using file 'velocity.log'
2016-07-18 18:28:55,096 - Initializing Velocity, Calling init()...
2016-07-18 18:28:55,096 - Starting Apache Velocity v1.7 (compiled: 2010-11-19 12:14:37)
2016-07-18 18:28:55,096 - Default Properties File: org\apache\velocity\runtime\defaults\velocity.properties
2016-07-18 18:28:55,096 - Trying to use logger class org.apache.velocity.runtime.log.AvalonLogChute
2016-07-18 18:28:55,096 - Target log system for org.apache.velocity.runtime.log.AvalonLogChute is not available (java.lang.NoClassDefFoundError: org/apache/log/format/Formatter).  Falling back to next log system...
2016-07-18 18:28:55,096 - Trying to use logger class org.apache.velocity.runtime.log.Log4JLogChute
2016-07-18 18:28:55,096 - Using logger class org.apache.velocity.runtime.log.Log4JLogChute
2016-07-18 18:28:55,098 - ResourceLoader instantiated: org.apache.velocity.runtime.resource.loader.FileResourceLoader
2016-07-18 18:28:55,099 - Do unicode file recognition:  false
2016-07-18 18:28:55,099 - FileResourceLoader : adding path '/D:/mygithub/github/project/framework/framework/target/classes/com/wch/generator/mybaits/mybaitsx/vmlib'
2016-07-18 18:28:55,106 - ResourceCache: initialized (class org.apache.velocity.runtime.resource.ResourceCacheImpl) with class java.util.Collections$SynchronizedMap cache map.
2016-07-18 18:28:55,107 - Loaded System Directive: org.apache.velocity.runtime.directive.Stop
2016-07-18 18:28:55,108 - Loaded System Directive: org.apache.velocity.runtime.directive.Define
2016-07-18 18:28:55,108 - Loaded System Directive: org.apache.velocity.runtime.directive.Break
2016-07-18 18:28:55,109 - Loaded System Directive: org.apache.velocity.runtime.directive.Evaluate
2016-07-18 18:28:55,109 - Loaded System Directive: org.apache.velocity.runtime.directive.Literal
2016-07-18 18:28:55,110 - Loaded System Directive: org.apache.velocity.runtime.directive.Macro
2016-07-18 18:28:55,110 - Loaded System Directive: org.apache.velocity.runtime.directive.Parse
2016-07-18 18:28:55,111 - Loaded System Directive: org.apache.velocity.runtime.directive.Include
2016-07-18 18:28:55,111 - Loaded System Directive: org.apache.velocity.runtime.directive.Foreach
2016-07-18 18:28:55,128 - Created '20' parsers.
2016-07-18 18:28:55,132 - Velocimacro : "velocimacro.library" is not set.  Trying default library: VM_global_library.vm
2016-07-18 18:28:55,132 - Velocimacro : Default library not found.
2016-07-18 18:28:55,132 - Velocimacro : allowInline = true : VMs can be defined inline in templates
2016-07-18 18:28:55,132 - Velocimacro : allowInlineToOverride = false : VMs defined inline may NOT replace previous VM definitions
2016-07-18 18:28:55,132 - Velocimacro : allowInlineLocal = false : VMs defined inline will be global in scope if allowed.
2016-07-18 18:28:55,132 - Velocimacro : autoload off : VM system will not automatically reload global library macros
2016-07-18 18:28:55,151 - ResourceManager : found mapperxml.vm with loader org.apache.velocity.runtime.resource.loader.FileResourceLoader
2016-07-18 18:35:17,173 - Log4JLogChute initialized using file 'velocity.log'
2016-07-18 18:35:17,173 - Initializing Velocity, Calling init()...
2016-07-18 18:35:17,173 - Starting Apache Velocity v1.7 (compiled: 2010-11-19 12:14:37)
2016-07-18 18:35:17,173 - Default Properties File: org\apache\velocity\runtime\defaults\velocity.properties
2016-07-18 18:35:17,173 - Trying to use logger class org.apache.velocity.runtime.log.AvalonLogChute
2016-07-18 18:35:17,173 - Target log system for org.apache.velocity.runtime.log.AvalonLogChute is not available (java.lang.NoClassDefFoundError: org/apache/log/format/Formatter).  Falling back to next log system...
2016-07-18 18:35:17,173 - Trying to use logger class org.apache.velocity.runtime.log.Log4JLogChute
2016-07-18 18:35:17,173 - Using logger class org.apache.velocity.runtime.log.Log4JLogChute
2016-07-18 18:35:17,176 - ResourceLoader instantiated: org.apache.velocity.runtime.resource.loader.FileResourceLoader
2016-07-18 18:35:17,177 - Do unicode file recognition:  false
2016-07-18 18:35:17,177 - FileResourceLoader : adding path '/D:/mygithub/github/project/framework/framework/target/classes/com/wch/generator/mybaits/mybaitsx/vmlib'
2016-07-18 18:35:17,183 - ResourceCache: initialized (class org.apache.velocity.runtime.resource.ResourceCacheImpl) with class java.util.Collections$SynchronizedMap cache map.
2016-07-18 18:35:17,184 - Loaded System Directive: org.apache.velocity.runtime.directive.Stop
2016-07-18 18:35:17,185 - Loaded System Directive: org.apache.velocity.runtime.directive.Define
2016-07-18 18:35:17,185 - Loaded System Directive: org.apache.velocity.runtime.directive.Break
2016-07-18 18:35:17,186 - Loaded System Directive: org.apache.velocity.runtime.directive.Evaluate
2016-07-18 18:35:17,186 - Loaded System Directive: org.apache.velocity.runtime.directive.Literal
2016-07-18 18:35:17,187 - Loaded System Directive: org.apache.velocity.runtime.directive.Macro
2016-07-18 18:35:17,188 - Loaded System Directive: org.apache.velocity.runtime.directive.Parse
2016-07-18 18:35:17,189 - Loaded System Directive: org.apache.velocity.runtime.directive.Include
2016-07-18 18:35:17,189 - Loaded System Directive: org.apache.velocity.runtime.directive.Foreach
2016-07-18 18:35:17,208 - Created '20' parsers.
2016-07-18 18:35:17,211 - Velocimacro : "velocimacro.library" is not set.  Trying default library: VM_global_library.vm
2016-07-18 18:35:17,212 - Velocimacro : Default library not found.
2016-07-18 18:35:17,212 - Velocimacro : allowInline = true : VMs can be defined inline in templates
2016-07-18 18:35:17,212 - Velocimacro : allowInlineToOverride = false : VMs defined inline may NOT replace previous VM definitions
2016-07-18 18:35:17,212 - Velocimacro : allowInlineLocal = false : VMs defined inline will be global in scope if allowed.
2016-07-18 18:35:17,212 - Velocimacro : autoload off : VM system will not automatically reload global library macros
2016-07-18 18:35:17,229 - ResourceManager.getResource() parse exception
org.apache.velocity.exception.ParseErrorException: Lexical error,   Encountered: "\u00e3" (227), after : "" at mapperxml.vm[line 34, column 45]
	at org.apache.velocity.Template.process(Template.java:151)
	at org.apache.velocity.runtime.resource.ResourceManagerImpl.loadResource(ResourceManagerImpl.java:437)
	at org.apache.velocity.runtime.resource.ResourceManagerImpl.getResource(ResourceManagerImpl.java:352)
	at org.apache.velocity.runtime.RuntimeInstance.getTemplate(RuntimeInstance.java:1533)
	at org.apache.velocity.runtime.RuntimeInstance.getTemplate(RuntimeInstance.java:1514)
	at org.apache.velocity.runtime.RuntimeSingleton.getTemplate(RuntimeSingleton.java:299)
	at org.apache.velocity.app.Velocity.getTemplate(Velocity.java:358)
	at com.wch.velocity.VelocityUtils.process(VelocityUtils.java:67)
	at com.wch.velocity.VelocityUtils.print(VelocityUtils.java:84)
	at com.wch.generator.mybaits.mybaitsx.core.MyContext.generateFiles(MyContext.java:334)
	at com.wch.generator.mybaits.mybaitsx.core.Generator.main(Generator.java:28)
2016-07-18 18:36:25,063 - Log4JLogChute initialized using file 'velocity.log'
2016-07-18 18:36:25,064 - Initializing Velocity, Calling init()...
2016-07-18 18:36:25,064 - Starting Apache Velocity v1.7 (compiled: 2010-11-19 12:14:37)
2016-07-18 18:36:25,064 - Default Properties File: org\apache\velocity\runtime\defaults\velocity.properties
2016-07-18 18:36:25,064 - Trying to use logger class org.apache.velocity.runtime.log.AvalonLogChute
2016-07-18 18:36:25,064 - Target log system for org.apache.velocity.runtime.log.AvalonLogChute is not available (java.lang.NoClassDefFoundError: org/apache/log/format/Formatter).  Falling back to next log system...
2016-07-18 18:36:25,064 - Trying to use logger class org.apache.velocity.runtime.log.Log4JLogChute
2016-07-18 18:36:25,064 - Using logger class org.apache.velocity.runtime.log.Log4JLogChute
2016-07-18 18:36:25,067 - ResourceLoader instantiated: org.apache.velocity.runtime.resource.loader.FileResourceLoader
2016-07-18 18:36:25,068 - Do unicode file recognition:  false
2016-07-18 18:36:25,068 - FileResourceLoader : adding path '/D:/mygithub/github/project/framework/framework/target/classes/com/wch/generator/mybaits/mybaitsx/vmlib'
2016-07-18 18:36:25,077 - ResourceCache: initialized (class org.apache.velocity.runtime.resource.ResourceCacheImpl) with class java.util.Collections$SynchronizedMap cache map.
2016-07-18 18:36:25,078 - Loaded System Directive: org.apache.velocity.runtime.directive.Stop
2016-07-18 18:36:25,078 - Loaded System Directive: org.apache.velocity.runtime.directive.Define
2016-07-18 18:36:25,079 - Loaded System Directive: org.apache.velocity.runtime.directive.Break
2016-07-18 18:36:25,079 - Loaded System Directive: org.apache.velocity.runtime.directive.Evaluate
2016-07-18 18:36:25,080 - Loaded System Directive: org.apache.velocity.runtime.directive.Literal
2016-07-18 18:36:25,080 - Loaded System Directive: org.apache.velocity.runtime.directive.Macro
2016-07-18 18:36:25,081 - Loaded System Directive: org.apache.velocity.runtime.directive.Parse
2016-07-18 18:36:25,082 - Loaded System Directive: org.apache.velocity.runtime.directive.Include
2016-07-18 18:36:25,083 - Loaded System Directive: org.apache.velocity.runtime.directive.Foreach
2016-07-18 18:36:25,102 - Created '20' parsers.
2016-07-18 18:36:25,105 - Velocimacro : "velocimacro.library" is not set.  Trying default library: VM_global_library.vm
2016-07-18 18:36:25,105 - Velocimacro : Default library not found.
2016-07-18 18:36:25,105 - Velocimacro : allowInline = true : VMs can be defined inline in templates
2016-07-18 18:36:25,105 - Velocimacro : allowInlineToOverride = false : VMs defined inline may NOT replace previous VM definitions
2016-07-18 18:36:25,105 - Velocimacro : allowInlineLocal = false : VMs defined inline will be global in scope if allowed.
2016-07-18 18:36:25,105 - Velocimacro : autoload off : VM system will not automatically reload global library macros
2016-07-18 18:36:25,119 - ResourceManager.getResource() parse exception
org.apache.velocity.exception.ParseErrorException: Lexical error,   Encountered: "\u00e3" (227), after : "" at mapperxml.vm[line 33, column 45]
	at org.apache.velocity.Template.process(Template.java:151)
	at org.apache.velocity.runtime.resource.ResourceManagerImpl.loadResource(ResourceManagerImpl.java:437)
	at org.apache.velocity.runtime.resource.ResourceManagerImpl.getResource(ResourceManagerImpl.java:352)
	at org.apache.velocity.runtime.RuntimeInstance.getTemplate(RuntimeInstance.java:1533)
	at org.apache.velocity.runtime.RuntimeInstance.getTemplate(RuntimeInstance.java:1514)
	at org.apache.velocity.runtime.RuntimeSingleton.getTemplate(RuntimeSingleton.java:299)
	at org.apache.velocity.app.Velocity.getTemplate(Velocity.java:358)
	at com.wch.velocity.VelocityUtils.process(VelocityUtils.java:67)
	at com.wch.velocity.VelocityUtils.print(VelocityUtils.java:84)
	at com.wch.generator.mybaits.mybaitsx.core.MyContext.generateFiles(MyContext.java:334)
	at com.wch.generator.mybaits.mybaitsx.core.Generator.main(Generator.java:28)
2016-07-18 18:36:44,984 - Log4JLogChute initialized using file 'velocity.log'
2016-07-18 18:36:44,984 - Initializing Velocity, Calling init()...
2016-07-18 18:36:44,984 - Starting Apache Velocity v1.7 (compiled: 2010-11-19 12:14:37)
2016-07-18 18:36:44,984 - Default Properties File: org\apache\velocity\runtime\defaults\velocity.properties
2016-07-18 18:36:44,984 - Trying to use logger class org.apache.velocity.runtime.log.AvalonLogChute
2016-07-18 18:36:44,984 - Target log system for org.apache.velocity.runtime.log.AvalonLogChute is not available (java.lang.NoClassDefFoundError: org/apache/log/format/Formatter).  Falling back to next log system...
2016-07-18 18:36:44,984 - Trying to use logger class org.apache.velocity.runtime.log.Log4JLogChute
2016-07-18 18:36:44,984 - Using logger class org.apache.velocity.runtime.log.Log4JLogChute
2016-07-18 18:36:44,986 - ResourceLoader instantiated: org.apache.velocity.runtime.resource.loader.FileResourceLoader
2016-07-18 18:36:44,987 - Do unicode file recognition:  false
2016-07-18 18:36:44,987 - FileResourceLoader : adding path '/D:/mygithub/github/project/framework/framework/target/classes/com/wch/generator/mybaits/mybaitsx/vmlib'
2016-07-18 18:36:44,993 - ResourceCache: initialized (class org.apache.velocity.runtime.resource.ResourceCacheImpl) with class java.util.Collections$SynchronizedMap cache map.
2016-07-18 18:36:44,994 - Loaded System Directive: org.apache.velocity.runtime.directive.Stop
2016-07-18 18:36:44,994 - Loaded System Directive: org.apache.velocity.runtime.directive.Define
2016-07-18 18:36:44,994 - Loaded System Directive: org.apache.velocity.runtime.directive.Break
2016-07-18 18:36:44,995 - Loaded System Directive: org.apache.velocity.runtime.directive.Evaluate
2016-07-18 18:36:44,995 - Loaded System Directive: org.apache.velocity.runtime.directive.Literal
2016-07-18 18:36:44,996 - Loaded System Directive: org.apache.velocity.runtime.directive.Macro
2016-07-18 18:36:44,997 - Loaded System Directive: org.apache.velocity.runtime.directive.Parse
2016-07-18 18:36:44,998 - Loaded System Directive: org.apache.velocity.runtime.directive.Include
2016-07-18 18:36:44,999 - Loaded System Directive: org.apache.velocity.runtime.directive.Foreach
2016-07-18 18:36:45,020 - Created '20' parsers.
2016-07-18 18:36:45,023 - Velocimacro : "velocimacro.library" is not set.  Trying default library: VM_global_library.vm
2016-07-18 18:36:45,023 - Velocimacro : Default library not found.
2016-07-18 18:36:45,023 - Velocimacro : allowInline = true : VMs can be defined inline in templates
2016-07-18 18:36:45,023 - Velocimacro : allowInlineToOverride = false : VMs defined inline may NOT replace previous VM definitions
2016-07-18 18:36:45,023 - Velocimacro : allowInlineLocal = false : VMs defined inline will be global in scope if allowed.
2016-07-18 18:36:45,023 - Velocimacro : autoload off : VM system will not automatically reload global library macros
2016-07-18 18:36:45,035 - ResourceManager.getResource() parse exception
org.apache.velocity.exception.ParseErrorException: Lexical error,   Encountered: "\u00e3" (227), after : "" at mapperxml.vm[line 33, column 44]
	at org.apache.velocity.Template.process(Template.java:151)
	at org.apache.velocity.runtime.resource.ResourceManagerImpl.loadResource(ResourceManagerImpl.java:437)
	at org.apache.velocity.runtime.resource.ResourceManagerImpl.getResource(ResourceManagerImpl.java:352)
	at org.apache.velocity.runtime.RuntimeInstance.getTemplate(RuntimeInstance.java:1533)
	at org.apache.velocity.runtime.RuntimeInstance.getTemplate(RuntimeInstance.java:1514)
	at org.apache.velocity.runtime.RuntimeSingleton.getTemplate(RuntimeSingleton.java:299)
	at org.apache.velocity.app.Velocity.getTemplate(Velocity.java:358)
	at com.wch.velocity.VelocityUtils.process(VelocityUtils.java:67)
	at com.wch.velocity.VelocityUtils.print(VelocityUtils.java:84)
	at com.wch.generator.mybaits.mybaitsx.core.MyContext.generateFiles(MyContext.java:334)
	at com.wch.generator.mybaits.mybaitsx.core.Generator.main(Generator.java:28)
2016-07-18 18:36:54,955 - Log4JLogChute initialized using file 'velocity.log'
2016-07-18 18:36:54,955 - Initializing Velocity, Calling init()...
2016-07-18 18:36:54,955 - Starting Apache Velocity v1.7 (compiled: 2010-11-19 12:14:37)
2016-07-18 18:36:54,955 - Default Properties File: org\apache\velocity\runtime\defaults\velocity.properties
2016-07-18 18:36:54,955 - Trying to use logger class org.apache.velocity.runtime.log.AvalonLogChute
2016-07-18 18:36:54,955 - Target log system for org.apache.velocity.runtime.log.AvalonLogChute is not available (java.lang.NoClassDefFoundError: org/apache/log/format/Formatter).  Falling back to next log system...
2016-07-18 18:36:54,955 - Trying to use logger class org.apache.velocity.runtime.log.Log4JLogChute
2016-07-18 18:36:54,955 - Using logger class org.apache.velocity.runtime.log.Log4JLogChute
2016-07-18 18:36:54,957 - ResourceLoader instantiated: org.apache.velocity.runtime.resource.loader.FileResourceLoader
2016-07-18 18:36:54,958 - Do unicode file recognition:  false
2016-07-18 18:36:54,958 - FileResourceLoader : adding path '/D:/mygithub/github/project/framework/framework/target/classes/com/wch/generator/mybaits/mybaitsx/vmlib'
2016-07-18 18:36:54,965 - ResourceCache: initialized (class org.apache.velocity.runtime.resource.ResourceCacheImpl) with class java.util.Collections$SynchronizedMap cache map.
2016-07-18 18:36:54,966 - Loaded System Directive: org.apache.velocity.runtime.directive.Stop
2016-07-18 18:36:54,966 - Loaded System Directive: org.apache.velocity.runtime.directive.Define
2016-07-18 18:36:54,967 - Loaded System Directive: org.apache.velocity.runtime.directive.Break
2016-07-18 18:36:54,967 - Loaded System Directive: org.apache.velocity.runtime.directive.Evaluate
2016-07-18 18:36:54,967 - Loaded System Directive: org.apache.velocity.runtime.directive.Literal
2016-07-18 18:36:54,968 - Loaded System Directive: org.apache.velocity.runtime.directive.Macro
2016-07-18 18:36:54,968 - Loaded System Directive: org.apache.velocity.runtime.directive.Parse
2016-07-18 18:36:54,969 - Loaded System Directive: org.apache.velocity.runtime.directive.Include
2016-07-18 18:36:54,970 - Loaded System Directive: org.apache.velocity.runtime.directive.Foreach
2016-07-18 18:36:54,985 - Created '20' parsers.
2016-07-18 18:36:54,988 - Velocimacro : "velocimacro.library" is not set.  Trying default library: VM_global_library.vm
2016-07-18 18:36:54,988 - Velocimacro : Default library not found.
2016-07-18 18:36:54,988 - Velocimacro : allowInline = true : VMs can be defined inline in templates
2016-07-18 18:36:54,988 - Velocimacro : allowInlineToOverride = false : VMs defined inline may NOT replace previous VM definitions
2016-07-18 18:36:54,988 - Velocimacro : allowInlineLocal = false : VMs defined inline will be global in scope if allowed.
2016-07-18 18:36:54,989 - Velocimacro : autoload off : VM system will not automatically reload global library macros
2016-07-18 18:36:55,004 - ResourceManager : found mapperxml.vm with loader org.apache.velocity.runtime.resource.loader.FileResourceLoader
2016-07-18 18:37:10,059 - Log4JLogChute initialized using file 'velocity.log'
2016-07-18 18:37:10,059 - Initializing Velocity, Calling init()...
2016-07-18 18:37:10,059 - Starting Apache Velocity v1.7 (compiled: 2010-11-19 12:14:37)
2016-07-18 18:37:10,059 - Default Properties File: org\apache\velocity\runtime\defaults\velocity.properties
2016-07-18 18:37:10,059 - Trying to use logger class org.apache.velocity.runtime.log.AvalonLogChute
2016-07-18 18:37:10,059 - Target log system for org.apache.velocity.runtime.log.AvalonLogChute is not available (java.lang.NoClassDefFoundError: org/apache/log/format/Formatter).  Falling back to next log system...
2016-07-18 18:37:10,059 - Trying to use logger class org.apache.velocity.runtime.log.Log4JLogChute
2016-07-18 18:37:10,059 - Using logger class org.apache.velocity.runtime.log.Log4JLogChute
2016-07-18 18:37:10,061 - ResourceLoader instantiated: org.apache.velocity.runtime.resource.loader.FileResourceLoader
2016-07-18 18:37:10,062 - Do unicode file recognition:  false
2016-07-18 18:37:10,062 - FileResourceLoader : adding path '/D:/mygithub/github/project/framework/framework/target/classes/com/wch/generator/mybaits/mybaitsx/vmlib'
2016-07-18 18:37:10,070 - ResourceCache: initialized (class org.apache.velocity.runtime.resource.ResourceCacheImpl) with class java.util.Collections$SynchronizedMap cache map.
2016-07-18 18:37:10,070 - Loaded System Directive: org.apache.velocity.runtime.directive.Stop
2016-07-18 18:37:10,071 - Loaded System Directive: org.apache.velocity.runtime.directive.Define
2016-07-18 18:37:10,071 - Loaded System Directive: org.apache.velocity.runtime.directive.Break
2016-07-18 18:37:10,072 - Loaded System Directive: org.apache.velocity.runtime.directive.Evaluate
2016-07-18 18:37:10,072 - Loaded System Directive: org.apache.velocity.runtime.directive.Literal
2016-07-18 18:37:10,073 - Loaded System Directive: org.apache.velocity.runtime.directive.Macro
2016-07-18 18:37:10,074 - Loaded System Directive: org.apache.velocity.runtime.directive.Parse
2016-07-18 18:37:10,075 - Loaded System Directive: org.apache.velocity.runtime.directive.Include
2016-07-18 18:37:10,075 - Loaded System Directive: org.apache.velocity.runtime.directive.Foreach
2016-07-18 18:37:10,098 - Created '20' parsers.
2016-07-18 18:37:10,101 - Velocimacro : "velocimacro.library" is not set.  Trying default library: VM_global_library.vm
2016-07-18 18:37:10,101 - Velocimacro : Default library not found.
2016-07-18 18:37:10,101 - Velocimacro : allowInline = true : VMs can be defined inline in templates
2016-07-18 18:37:10,101 - Velocimacro : allowInlineToOverride = false : VMs defined inline may NOT replace previous VM definitions
2016-07-18 18:37:10,101 - Velocimacro : allowInlineLocal = false : VMs defined inline will be global in scope if allowed.
2016-07-18 18:37:10,101 - Velocimacro : autoload off : VM system will not automatically reload global library macros
2016-07-18 18:37:10,115 - ResourceManager : found mapperxml.vm with loader org.apache.velocity.runtime.resource.loader.FileResourceLoader
2016-07-18 18:37:54,873 - Log4JLogChute initialized using file 'velocity.log'
2016-07-18 18:37:54,873 - Initializing Velocity, Calling init()...
2016-07-18 18:37:54,873 - Starting Apache Velocity v1.7 (compiled: 2010-11-19 12:14:37)
2016-07-18 18:37:54,873 - Default Properties File: org\apache\velocity\runtime\defaults\velocity.properties
2016-07-18 18:37:54,873 - Trying to use logger class org.apache.velocity.runtime.log.AvalonLogChute
2016-07-18 18:37:54,873 - Target log system for org.apache.velocity.runtime.log.AvalonLogChute is not available (java.lang.NoClassDefFoundError: org/apache/log/format/Formatter).  Falling back to next log system...
2016-07-18 18:37:54,873 - Trying to use logger class org.apache.velocity.runtime.log.Log4JLogChute
2016-07-18 18:37:54,873 - Using logger class org.apache.velocity.runtime.log.Log4JLogChute
2016-07-18 18:37:54,875 - ResourceLoader instantiated: org.apache.velocity.runtime.resource.loader.FileResourceLoader
2016-07-18 18:37:54,876 - Do unicode file recognition:  false
2016-07-18 18:37:54,876 - FileResourceLoader : adding path '/D:/mygithub/github/project/framework/framework/target/classes/com/wch/generator/mybaits/mybaitsx/vmlib'
2016-07-18 18:37:54,886 - ResourceCache: initialized (class org.apache.velocity.runtime.resource.ResourceCacheImpl) with class java.util.Collections$SynchronizedMap cache map.
2016-07-18 18:37:54,886 - Loaded System Directive: org.apache.velocity.runtime.directive.Stop
2016-07-18 18:37:54,887 - Loaded System Directive: org.apache.velocity.runtime.directive.Define
2016-07-18 18:37:54,887 - Loaded System Directive: org.apache.velocity.runtime.directive.Break
2016-07-18 18:37:54,888 - Loaded System Directive: org.apache.velocity.runtime.directive.Evaluate
2016-07-18 18:37:54,888 - Loaded System Directive: org.apache.velocity.runtime.directive.Literal
2016-07-18 18:37:54,889 - Loaded System Directive: org.apache.velocity.runtime.directive.Macro
2016-07-18 18:37:54,890 - Loaded System Directive: org.apache.velocity.runtime.directive.Parse
2016-07-18 18:37:54,890 - Loaded System Directive: org.apache.velocity.runtime.directive.Include
2016-07-18 18:37:54,891 - Loaded System Directive: org.apache.velocity.runtime.directive.Foreach
2016-07-18 18:37:54,912 - Created '20' parsers.
2016-07-18 18:37:54,916 - Velocimacro : "velocimacro.library" is not set.  Trying default library: VM_global_library.vm
2016-07-18 18:37:54,916 - Velocimacro : Default library not found.
2016-07-18 18:37:54,916 - Velocimacro : allowInline = true : VMs can be defined inline in templates
2016-07-18 18:37:54,916 - Velocimacro : allowInlineToOverride = false : VMs defined inline may NOT replace previous VM definitions
2016-07-18 18:37:54,916 - Velocimacro : allowInlineLocal = false : VMs defined inline will be global in scope if allowed.
2016-07-18 18:37:54,916 - Velocimacro : autoload off : VM system will not automatically reload global library macros
2016-07-18 18:37:54,930 - ResourceManager : found mapperxml.vm with loader org.apache.velocity.runtime.resource.loader.FileResourceLoader
2016-07-18 18:37:54,941 - Could not determine type of iterator in #foreach loop at mapperxml.vm[line 32, column 13]
